<?xml version="1.0" encoding="UTF-8"?>
<!-- Generated by org.testng.reporters.JUnitReportReporter -->
<testsuite skipped="0" hostname="LAPTOP-N52BISUK" name="org.TestNGEx4.TesngPractice" tests="1" failures="0" timestamp="2023-03-04T19:45:12 IST" time="0.091" errors="0">
  <testcase name="test" time="0.091" classname="org.TestNGEx4.TesngPractice"/>
  <system-out/>
</testsuite> <!-- org.TestNGEx4.TesngPractice -->
