<?xml version="1.0" encoding="UTF-8"?>
<!-- Generated by org.testng.reporters.JUnitReportReporter -->
<testsuite skipped="0" hostname="LAPTOP-N52BISUK" name="org.assertion.SoftAssertEx1" tests="1" failures="0" timestamp="2023-03-02T09:55:38 IST" time="6.225" errors="0">
  <testcase name="SoftAssert" time="6.225" classname="org.assertion.SoftAssertEx1"/>
  <system-out/>
</testsuite> <!-- org.assertion.SoftAssertEx1 -->
