<?xml version="1.0" encoding="UTF-8"?>
<!-- Generated by org.testng.reporters.JUnitReportReporter -->
<testsuite skipped="0" hostname="LAPTOP-N52BISUK" name="org.TestNGEx2.TestCaseAccount" tests="4" failures="0" timestamp="2023-01-26T21:15:29 IST" time="0.005" errors="0">
  <testcase name="DeleteAccount" time="0.001" classname="org.TestNGEx2.TestCaseAccount"/>
  <system-out/>
  <testcase name="CreatAccount" time="0.002" classname="org.TestNGEx2.TestCaseAccount"/>
  <system-out/>
  <testcase name="VerifyAccount" time="0.001" classname="org.TestNGEx2.TestCaseAccount"/>
  <system-out/>
  <testcase name="TestCaseAccount" time="0.001" classname="org.TestNGEx2.TestCaseAccount"/>
  <system-out/>
</testsuite> <!-- org.TestNGEx2.TestCaseAccount -->
