<?xml version="1.0" encoding="UTF-8"?>
<!-- Generated by org.testng.reporters.JUnitReportReporter -->
<testsuite skipped="0" hostname="LAPTOP-N52BISUK" name="org.TestNGEx3.ParameterEx1" tests="1" failures="0" timestamp="2023-01-28T00:15:21 IST" time="4.092" errors="0">
  <testcase name="Parameters" time="4.092" classname="org.TestNGEx3.ParameterEx1"/>
  <system-out/>
</testsuite> <!-- org.TestNGEx3.ParameterEx1 -->
