<?xml version="1.0" encoding="UTF-8"?>
<!-- Generated by org.testng.reporters.JUnitReportReporter -->
<testsuite skipped="0" hostname="LAPTOP-N52BISUK" name="org.TestNGEx3.ParallelMethodEx1" tests="3" failures="0" timestamp="2023-03-04T19:49:33 IST" time="10.934" errors="0">
  <testcase name="TestCaseChorom" time="4.158" classname="org.TestNGEx3.ParallelMethodEx1"/>
  <system-out/>
  <testcase name="TestCaseChorom" time="4.152" classname="org.TestNGEx3.ParallelMethodEx1"/>
  <system-out/>
  <testcase name="TestCaseFireFox" time="2.624" classname="org.TestNGEx3.ParallelMethodEx1"/>
  <system-out/>
</testsuite> <!-- org.TestNGEx3.ParallelMethodEx1 -->
