<?xml version="1.0" encoding="UTF-8"?>
<!-- Generated by org.testng.reporters.JUnitReportReporter -->
<testsuite skipped="0" hostname="LAPTOP-N52BISUK" name="Testng.com.NewTest" tests="1" failures="0" timestamp="2023-01-26T14:52:55 IST" time="0.009" errors="0">
  <testcase name="CapitalTest" time="0.009" classname="Testng.com.NewTest"/>
  <system-out/>
</testsuite> <!-- Testng.com.NewTest -->
