<?xml version="1.0" encoding="UTF-8"?>
<!-- Generated by org.testng.reporters.JUnitReportReporter -->
<testsuite skipped="0" hostname="LAPTOP-N52BISUK" name="Testng.com.AsciiEx1" tests="6" failures="0" timestamp="2023-01-26T14:59:32 IST" time="0.017" errors="0">
  <testcase name="CapitalPassword" time="0.011" classname="Testng.com.AsciiEx1"/>
  <system-out/>
  <testcase name="smalltest" time="0.001" classname="Testng.com.AsciiEx1"/>
  <system-out/>
  <testcase name="CapitalTest" time="0.002" classname="Testng.com.AsciiEx1"/>
  <system-out/>
  <testcase name="CapitalUser" time="0.001" classname="Testng.com.AsciiEx1"/>
  <system-out/>
  <testcase name="smalluser" time="0.001" classname="Testng.com.AsciiEx1"/>
  <system-out/>
  <testcase name="smallpassword" time="0.001" classname="Testng.com.AsciiEx1"/>
  <system-out/>
</testsuite> <!-- Testng.com.AsciiEx1 -->
