<?xml version="1.0" encoding="UTF-8"?>
<!-- Generated by org.testng.reporters.JUnitReportReporter -->
<testsuite skipped="0" hostname="LAPTOP-N52BISUK" name="org.assertion.HardAssertEx1" tests="1" failures="0" timestamp="2023-02-15T09:59:09 IST" time="4.523" errors="0">
  <testcase name="HardAssert" time="4.523" classname="org.assertion.HardAssertEx1"/>
  <system-out/>
</testsuite> <!-- org.assertion.HardAssertEx1 -->
