<?xml version="1.0" encoding="UTF-8"?>
<!-- Generated by org.testng.reporters.JUnitReportReporter -->
<testsuite skipped="0" hostname="LAPTOP-N52BISUK" name="Testng.com.AnnotationEx1" tests="2" failures="0" timestamp="2023-01-26T15:59:22 IST" time="0.011" errors="0">
  <testcase name="Test2" time="0.002" classname="Testng.com.AnnotationEx1"/>
  <system-out/>
  <testcase name="Test1" time="0.009" classname="Testng.com.AnnotationEx1"/>
  <system-out/>
</testsuite> <!-- Testng.com.AnnotationEx1 -->
