<?xml version="1.0" encoding="UTF-8"?>
<!-- Generated by org.testng.reporters.JUnitReportReporter -->
<testsuite skipped="0" hostname="LAPTOP-N52BISUK" name="Testng.com.DublicatwPriority" tests="6" failures="0" timestamp="2023-01-26T15:03:22 IST" time="0.016" errors="0">
  <testcase name="smallpassword" time="0.002" classname="Testng.com.DublicatwPriority"/>
  <system-out/>
  <testcase name="CapitalPassword" time="0.010" classname="Testng.com.DublicatwPriority"/>
  <system-out/>
  <testcase name="CapitalUser" time="0.001" classname="Testng.com.DublicatwPriority"/>
  <system-out/>
  <testcase name="smalluser" time="0.001" classname="Testng.com.DublicatwPriority"/>
  <system-out/>
  <testcase name="CapitalTest" time="0.001" classname="Testng.com.DublicatwPriority"/>
  <system-out/>
  <testcase name="smalltest" time="0.001" classname="Testng.com.DublicatwPriority"/>
  <system-out/>
</testsuite> <!-- Testng.com.DublicatwPriority -->
