<?xml version="1.0" encoding="UTF-8"?>
<!-- Generated by org.testng.reporters.JUnitReportReporter -->
<testsuite skipped="0" hostname="LAPTOP-N52BISUK" name="org.TestNGEx2.TestCaseUser" tests="4" failures="0" timestamp="2023-01-26T21:15:29 IST" time="0.011" errors="0">
  <testcase name="TestCaseUser1" time="0.003" classname="org.TestNGEx2.TestCaseUser"/>
  <system-out/>
  <testcase name="CreatUser" time="0.005" classname="org.TestNGEx2.TestCaseUser"/>
  <system-out/>
  <testcase name="DeleteUser" time="0.002" classname="org.TestNGEx2.TestCaseUser"/>
  <system-out/>
  <testcase name="VerifyUser" time="0.001" classname="org.TestNGEx2.TestCaseUser"/>
  <system-out/>
</testsuite> <!-- org.TestNGEx2.TestCaseUser -->
